<?xml version="1.0" encoding="UTF-8"?>
<testng-results ignored="0" total="2" passed="2" failed="0" skipped="0">
  <reporter-output>
  </reporter-output>
  <suite started-at="2025-04-17T21:04:58 IST" name="Default suite" finished-at="2025-04-17T21:04:58 IST" duration-ms="71">
    <groups>
    </groups>
    <test started-at="2025-04-17T21:04:58 IST" name="Default test" finished-at="2025-04-17T21:04:58 IST" duration-ms="71">
      <class name="TestNgDemo.DependencyExample">
        <test-method signature="Test2()[pri:0, instance:TestNgDemo.DependencyExample@1bd4fdd]" started-at="2025-04-17T21:04:58 IST" name="Test2" finished-at="2025-04-17T21:04:58 IST" duration-ms="11" status="PASS">
          <reporter-output>
          </reporter-output>
        </test-method> <!-- Test2 -->
        <test-method signature="Test1()[pri:0, instance:TestNgDemo.DependencyExample@1bd4fdd]" started-at="2025-04-17T21:04:58 IST" name="Test1" finished-at="2025-04-17T21:04:58 IST" depends-on-methods="TestNgDemo.DependencyExample.Test2" duration-ms="1" status="PASS">
          <reporter-output>
          </reporter-output>
        </test-method> <!-- Test1 -->
      </class> <!-- TestNgDemo.DependencyExample -->
    </test> <!-- Default test -->
  </suite> <!-- Default suite -->
</testng-results>
