<?xml version="1.0" encoding="UTF-8"?>
<!-- Generated by org.testng.reporters.JUnitXMLReporter -->
<testsuite ignored="0" hostname="PDAS" failures="1" tests="1" name="Test" time="17.038" errors="0" timestamp="2024-11-12T14:11:24 IST">
  <testcase classname="TestNgDemo.CrossBrowserTest" name="verifyTitle" time="0.0">
    <failure type="org.testng.TestNGException" message="
Cannot inject @Test annotated Method [verifyTitle] with [class java.lang.String].
For more information on native dependency injection please refer to https://testng.org/#_dependency_injection">
      <![CDATA[org.testng.TestNGException: 
Cannot inject @Test annotated Method [verifyTitle] with [class java.lang.String].
For more information on native dependency injection please refer to https://testng.org/#_dependency_injection
at java.base/java.util.ArrayList.forEach(ArrayList.java:1596)
... Removed 26 stack frames]]>
    </failure>
  </testcase> <!-- verifyTitle -->
</testsuite> <!-- Test -->
