<?xml version="1.0" encoding="UTF-8"?>
<testng-results ignored="0" total="1" passed="1" failed="0" skipped="0">
  <reporter-output>
  </reporter-output>
  <suite started-at="2025-04-01T05:55:28Z" name="Default suite" finished-at="2025-04-01T05:55:31Z" duration-ms="2632">
    <groups>
    </groups>
    <test started-at="2025-04-01T05:55:28Z" name="Default test" finished-at="2025-04-01T05:55:31Z" duration-ms="2632">
      <class name="ApiDemo.JsonPathValidationExample">
        <test-method signature="jsonpathValidate()[pri:0, instance:ApiDemo.JsonPathValidationExample@15043a2f]" started-at="2025-04-01T11:25:28Z" name="jsonpathValidate" finished-at="2025-04-01T11:25:31Z" duration-ms="2605" status="PASS">
          <reporter-output>
          </reporter-output>
        </test-method> <!-- jsonpathValidate -->
      </class> <!-- ApiDemo.JsonPathValidationExample -->
    </test> <!-- Default test -->
  </suite> <!-- Default suite -->
</testng-results>
