<?xml version="1.0" encoding="UTF-8"?>
<testng-results ignored="2" total="3" passed="1" failed="0" skipped="0">
  <reporter-output>
  </reporter-output>
  <suite started-at="2025-01-11T04:12:38Z" name="Default suite" finished-at="2025-01-11T04:12:40Z" duration-ms="2390">
    <groups>
    </groups>
    <test started-at="2025-01-11T04:12:38Z" name="Default test" finished-at="2025-01-11T04:12:40Z" duration-ms="2390">
      <class name="Post">
        <test-method signature="deleteMethod()[pri:0, instance:Post@79e4c792]" started-at="2025-01-11T09:42:38Z" name="deleteMethod" finished-at="2025-01-11T09:42:40Z" duration-ms="2366" status="PASS">
          <reporter-output>
          </reporter-output>
        </test-method> <!-- deleteMethod -->
      </class> <!-- Post -->
    </test> <!-- Default test -->
  </suite> <!-- Default suite -->
</testng-results>
