<?xml version="1.0" encoding="UTF-8"?>
<!-- Generated by org.testng.reporters.JUnitXMLReporter -->
<testsuite ignored="2" hostname="PDAS" failures="0" tests="1" name="Default test" time="2.39" errors="0" timestamp="11 Jan 2025 04:12:40 GMT">
  <testcase classname="Post" name="deleteMethod" time="2.366"/>
  <testcase classname="Post" name="test03" time="0.0">
    <ignored/>
  </testcase> <!-- test03 -->
  <testcase classname="Post" name="patchMethod" time="0.0">
    <ignored/>
  </testcase> <!-- patchMethod -->
</testsuite> <!-- Default test -->
